Arguments: 
  /usr/bin/node /usr/local/bin/yarn dev:electron --rpc geth.ipc --node-networkid 1234 --node-datadir /home/quy/Library/Ethereum/privatene

PATH: 
  /home/quy/building_editor_models/ros_practise/catkin_ws/devel/bin:/opt/ros/kinetic/bin:/home/quy/anaconda2/bin:/home/quy/bin:/home/quy/.local/bin:/usr/local/sbin:/usr/local/bin:/usr/sbin:/usr/bin:/sbin:/bin:/usr/games:/usr/local/games:/snap/bin

Yarn version: 
  1.5.1

Node version: 
  6.13.1

Platform: 
  linux x64

npm manifest: 
  {
    "name": "coursetro-eth",
    "version": "1.0.0",
    "description": "",
    "main": "index.js",
    "scripts": {
      "test": "echo \"Error: no test specified\" && exit 1"
    },
    "author": "",
    "license": "ISC",
    "dependencies": {
      "web3": "^0.20.6"
    },
    "devDependencies": {
      "lite-server": "^2.3.0"
    }
  }

yarn manifest: 
  No manifest

Lockfile: 
  No lockfile

Trace: 
  Error: Command "dev:electron" not found.
      at MessageError.Error (native)
      at new MessageError (/usr/local/lib/node_modules/yarn/lib/cli.js:186:110)
      at /usr/local/lib/node_modules/yarn/lib/cli.js:87307:17
      at next (native)
      at step (/usr/local/lib/node_modules/yarn/lib/cli.js:98:30)
      at /usr/local/lib/node_modules/yarn/lib/cli.js:116:14
      at Promise.F (/usr/local/lib/node_modules/yarn/lib/cli.js:23451:28)
      at /usr/local/lib/node_modules/yarn/lib/cli.js:95:12
      at runCommand (/usr/local/lib/node_modules/yarn/lib/cli.js:87312:22)
      at Object.<anonymous> (/usr/local/lib/node_modules/yarn/lib/cli.js:87412:14)
